ERROR - 2023-08-22 17:30:48 --> Error connecting to the database: mysqli_sql_exception: Unknown database 'seguro' in /var/www/html/seguro/system/Database/MySQLi/Connection.php:174
Stack trace:
#0 /var/www/html/seguro/system/Database/MySQLi/Connection.php(174): mysqli->real_connect('db', 'root', 'rootpass', 'seguro', 3306, '', 0)
#1 /var/www/html/seguro/system/Database/BaseConnection.php(391): CodeIgniter\Database\MySQLi\Connection->connect(false)
#2 /var/www/html/seguro/system/Database/BaseConnection.php(574): CodeIgniter\Database\BaseConnection->initialize()
#3 /var/www/html/seguro/system/Database/BaseBuilder.php(1616): CodeIgniter\Database\BaseConnection->query('SELECT `id`, `p...', Array, false)
#4 /var/www/html/seguro/system/Model.php(241): CodeIgniter\Database\BaseBuilder->get()
#5 /var/www/html/seguro/system/BaseModel.php(618): CodeIgniter\Model->doFindAll(0, 0)
#6 /var/www/html/seguro/app/Controllers/F4e1f3de880db52bf123e124d76636de.php(40): CodeIgniter\BaseModel->findAll()
#7 /var/www/html/seguro/system/CodeIgniter.php(932): App\Controllers\F4e1f3de880db52bf123e124d76636de->index()
#8 /var/www/html/seguro/system/CodeIgniter.php(497): CodeIgniter\CodeIgniter->runController(Object(App\Controllers\F4e1f3de880db52bf123e124d76636de))
#9 /var/www/html/seguro/system/CodeIgniter.php(366): CodeIgniter\CodeIgniter->handleRequest(NULL, Object(Config\Cache), false)
#10 /var/www/html/seguro/public/index.php(67): CodeIgniter\CodeIgniter->run()
#11 {main}

Next CodeIgniter\Database\Exceptions\DatabaseException: Unknown database 'seguro' in /var/www/html/seguro/system/Database/MySQLi/Connection.php:218
Stack trace:
#0 /var/www/html/seguro/system/Database/BaseConnection.php(391): CodeIgniter\Database\MySQLi\Connection->connect(false)
#1 /var/www/html/seguro/system/Database/BaseConnection.php(574): CodeIgniter\Database\BaseConnection->initialize()
#2 /var/www/html/seguro/system/Database/BaseBuilder.php(1616): CodeIgniter\Database\BaseConnection->query('SELECT `id`, `p...', Array, false)
#3 /var/www/html/seguro/system/Model.php(241): CodeIgniter\Database\BaseBuilder->get()
#4 /var/www/html/seguro/system/BaseModel.php(618): CodeIgniter\Model->doFindAll(0, 0)
#5 /var/www/html/seguro/app/Controllers/F4e1f3de880db52bf123e124d76636de.php(40): CodeIgniter\BaseModel->findAll()
#6 /var/www/html/seguro/system/CodeIgniter.php(932): App\Controllers\F4e1f3de880db52bf123e124d76636de->index()
#7 /var/www/html/seguro/system/CodeIgniter.php(497): CodeIgniter\CodeIgniter->runController(Object(App\Controllers\F4e1f3de880db52bf123e124d76636de))
#8 /var/www/html/seguro/system/CodeIgniter.php(366): CodeIgniter\CodeIgniter->handleRequest(NULL, Object(Config\Cache), false)
#9 /var/www/html/seguro/public/index.php(67): CodeIgniter\CodeIgniter->run()
#10 {main}
CRITICAL - 2023-08-22 17:30:48 --> Unable to connect to the database.
Main connection [MySQLi]: Unknown database 'seguro'
in SYSTEMPATH/Database/BaseConnection.php on line 427.
 1 SYSTEMPATH/Database/BaseConnection.php(574): CodeIgniter\Database\BaseConnection->initialize()
 2 SYSTEMPATH/Database/BaseBuilder.php(1616): CodeIgniter\Database\BaseConnection->query('SELECT `id`, `profile`, `login`, `password`
FROM `user`', [], false)
 3 SYSTEMPATH/Model.php(241): CodeIgniter\Database\BaseBuilder->get()
 4 SYSTEMPATH/BaseModel.php(618): CodeIgniter\Model->doFindAll(0, 0)
 5 APPPATH/Controllers/F4e1f3de880db52bf123e124d76636de.php(40): CodeIgniter\BaseModel->findAll()
 6 SYSTEMPATH/CodeIgniter.php(932): App\Controllers\F4e1f3de880db52bf123e124d76636de->index()
 7 SYSTEMPATH/CodeIgniter.php(497): CodeIgniter\CodeIgniter->runController(Object(App\Controllers\F4e1f3de880db52bf123e124d76636de))
 8 SYSTEMPATH/CodeIgniter.php(366): CodeIgniter\CodeIgniter->handleRequest(null, Object(Config\Cache), false)
 9 FCPATH/index.php(67): CodeIgniter\CodeIgniter->run()
ERROR - 2023-08-22 17:32:22 --> Error connecting to the database: mysqli_sql_exception: Unknown database 'seguro' in /var/www/html/seguro/system/Database/MySQLi/Connection.php:174
Stack trace:
#0 /var/www/html/seguro/system/Database/MySQLi/Connection.php(174): mysqli->real_connect('db', 'root', 'rootpass', 'seguro', 3306, '', 0)
#1 /var/www/html/seguro/system/Database/BaseConnection.php(391): CodeIgniter\Database\MySQLi\Connection->connect(false)
#2 /var/www/html/seguro/system/Database/BaseConnection.php(574): CodeIgniter\Database\BaseConnection->initialize()
#3 /var/www/html/seguro/system/Database/BaseBuilder.php(1616): CodeIgniter\Database\BaseConnection->query('SELECT `id`, `p...', Array, false)
#4 /var/www/html/seguro/system/Model.php(241): CodeIgniter\Database\BaseBuilder->get()
#5 /var/www/html/seguro/system/BaseModel.php(618): CodeIgniter\Model->doFindAll(0, 0)
#6 /var/www/html/seguro/app/Controllers/F4e1f3de880db52bf123e124d76636de.php(40): CodeIgniter\BaseModel->findAll()
#7 /var/www/html/seguro/system/CodeIgniter.php(932): App\Controllers\F4e1f3de880db52bf123e124d76636de->index()
#8 /var/www/html/seguro/system/CodeIgniter.php(497): CodeIgniter\CodeIgniter->runController(Object(App\Controllers\F4e1f3de880db52bf123e124d76636de))
#9 /var/www/html/seguro/system/CodeIgniter.php(366): CodeIgniter\CodeIgniter->handleRequest(NULL, Object(Config\Cache), false)
#10 /var/www/html/seguro/public/index.php(67): CodeIgniter\CodeIgniter->run()
#11 {main}

Next CodeIgniter\Database\Exceptions\DatabaseException: Unknown database 'seguro' in /var/www/html/seguro/system/Database/MySQLi/Connection.php:218
Stack trace:
#0 /var/www/html/seguro/system/Database/BaseConnection.php(391): CodeIgniter\Database\MySQLi\Connection->connect(false)
#1 /var/www/html/seguro/system/Database/BaseConnection.php(574): CodeIgniter\Database\BaseConnection->initialize()
#2 /var/www/html/seguro/system/Database/BaseBuilder.php(1616): CodeIgniter\Database\BaseConnection->query('SELECT `id`, `p...', Array, false)
#3 /var/www/html/seguro/system/Model.php(241): CodeIgniter\Database\BaseBuilder->get()
#4 /var/www/html/seguro/system/BaseModel.php(618): CodeIgniter\Model->doFindAll(0, 0)
#5 /var/www/html/seguro/app/Controllers/F4e1f3de880db52bf123e124d76636de.php(40): CodeIgniter\BaseModel->findAll()
#6 /var/www/html/seguro/system/CodeIgniter.php(932): App\Controllers\F4e1f3de880db52bf123e124d76636de->index()
#7 /var/www/html/seguro/system/CodeIgniter.php(497): CodeIgniter\CodeIgniter->runController(Object(App\Controllers\F4e1f3de880db52bf123e124d76636de))
#8 /var/www/html/seguro/system/CodeIgniter.php(366): CodeIgniter\CodeIgniter->handleRequest(NULL, Object(Config\Cache), false)
#9 /var/www/html/seguro/public/index.php(67): CodeIgniter\CodeIgniter->run()
#10 {main}
CRITICAL - 2023-08-22 17:32:22 --> Unable to connect to the database.
Main connection [MySQLi]: Unknown database 'seguro'
in SYSTEMPATH/Database/BaseConnection.php on line 427.
 1 SYSTEMPATH/Database/BaseConnection.php(574): CodeIgniter\Database\BaseConnection->initialize()
 2 SYSTEMPATH/Database/BaseBuilder.php(1616): CodeIgniter\Database\BaseConnection->query('SELECT `id`, `profile`, `login`, `password`
FROM `user`', [], false)
 3 SYSTEMPATH/Model.php(241): CodeIgniter\Database\BaseBuilder->get()
 4 SYSTEMPATH/BaseModel.php(618): CodeIgniter\Model->doFindAll(0, 0)
 5 APPPATH/Controllers/F4e1f3de880db52bf123e124d76636de.php(40): CodeIgniter\BaseModel->findAll()
 6 SYSTEMPATH/CodeIgniter.php(932): App\Controllers\F4e1f3de880db52bf123e124d76636de->index()
 7 SYSTEMPATH/CodeIgniter.php(497): CodeIgniter\CodeIgniter->runController(Object(App\Controllers\F4e1f3de880db52bf123e124d76636de))
 8 SYSTEMPATH/CodeIgniter.php(366): CodeIgniter\CodeIgniter->handleRequest(null, Object(Config\Cache), false)
 9 FCPATH/index.php(67): CodeIgniter\CodeIgniter->run()
ERROR - 2023-08-22 17:32:34 --> Error connecting to the database: mysqli_sql_exception: Unknown database 'seguro' in /var/www/html/seguro/system/Database/MySQLi/Connection.php:174
Stack trace:
#0 /var/www/html/seguro/system/Database/MySQLi/Connection.php(174): mysqli->real_connect('db', 'root', 'rootpass', 'seguro', 3306, '', 0)
#1 /var/www/html/seguro/system/Database/BaseConnection.php(391): CodeIgniter\Database\MySQLi\Connection->connect(false)
#2 /var/www/html/seguro/system/Database/BaseConnection.php(574): CodeIgniter\Database\BaseConnection->initialize()
#3 /var/www/html/seguro/system/Database/BaseBuilder.php(1616): CodeIgniter\Database\BaseConnection->query('SELECT `id`, `p...', Array, false)
#4 /var/www/html/seguro/system/Model.php(241): CodeIgniter\Database\BaseBuilder->get()
#5 /var/www/html/seguro/system/BaseModel.php(618): CodeIgniter\Model->doFindAll(0, 0)
#6 /var/www/html/seguro/app/Controllers/F4e1f3de880db52bf123e124d76636de.php(40): CodeIgniter\BaseModel->findAll()
#7 /var/www/html/seguro/system/CodeIgniter.php(932): App\Controllers\F4e1f3de880db52bf123e124d76636de->index()
#8 /var/www/html/seguro/system/CodeIgniter.php(497): CodeIgniter\CodeIgniter->runController(Object(App\Controllers\F4e1f3de880db52bf123e124d76636de))
#9 /var/www/html/seguro/system/CodeIgniter.php(366): CodeIgniter\CodeIgniter->handleRequest(NULL, Object(Config\Cache), false)
#10 /var/www/html/seguro/public/index.php(67): CodeIgniter\CodeIgniter->run()
#11 {main}

Next CodeIgniter\Database\Exceptions\DatabaseException: Unknown database 'seguro' in /var/www/html/seguro/system/Database/MySQLi/Connection.php:218
Stack trace:
#0 /var/www/html/seguro/system/Database/BaseConnection.php(391): CodeIgniter\Database\MySQLi\Connection->connect(false)
#1 /var/www/html/seguro/system/Database/BaseConnection.php(574): CodeIgniter\Database\BaseConnection->initialize()
#2 /var/www/html/seguro/system/Database/BaseBuilder.php(1616): CodeIgniter\Database\BaseConnection->query('SELECT `id`, `p...', Array, false)
#3 /var/www/html/seguro/system/Model.php(241): CodeIgniter\Database\BaseBuilder->get()
#4 /var/www/html/seguro/system/BaseModel.php(618): CodeIgniter\Model->doFindAll(0, 0)
#5 /var/www/html/seguro/app/Controllers/F4e1f3de880db52bf123e124d76636de.php(40): CodeIgniter\BaseModel->findAll()
#6 /var/www/html/seguro/system/CodeIgniter.php(932): App\Controllers\F4e1f3de880db52bf123e124d76636de->index()
#7 /var/www/html/seguro/system/CodeIgniter.php(497): CodeIgniter\CodeIgniter->runController(Object(App\Controllers\F4e1f3de880db52bf123e124d76636de))
#8 /var/www/html/seguro/system/CodeIgniter.php(366): CodeIgniter\CodeIgniter->handleRequest(NULL, Object(Config\Cache), false)
#9 /var/www/html/seguro/public/index.php(67): CodeIgniter\CodeIgniter->run()
#10 {main}
CRITICAL - 2023-08-22 17:32:34 --> Unable to connect to the database.
Main connection [MySQLi]: Unknown database 'seguro'
in SYSTEMPATH/Database/BaseConnection.php on line 427.
 1 SYSTEMPATH/Database/BaseConnection.php(574): CodeIgniter\Database\BaseConnection->initialize()
 2 SYSTEMPATH/Database/BaseBuilder.php(1616): CodeIgniter\Database\BaseConnection->query('SELECT `id`, `profile`, `login`, `password`
FROM `user`', [], false)
 3 SYSTEMPATH/Model.php(241): CodeIgniter\Database\BaseBuilder->get()
 4 SYSTEMPATH/BaseModel.php(618): CodeIgniter\Model->doFindAll(0, 0)
 5 APPPATH/Controllers/F4e1f3de880db52bf123e124d76636de.php(40): CodeIgniter\BaseModel->findAll()
 6 SYSTEMPATH/CodeIgniter.php(932): App\Controllers\F4e1f3de880db52bf123e124d76636de->index()
 7 SYSTEMPATH/CodeIgniter.php(497): CodeIgniter\CodeIgniter->runController(Object(App\Controllers\F4e1f3de880db52bf123e124d76636de))
 8 SYSTEMPATH/CodeIgniter.php(366): CodeIgniter\CodeIgniter->handleRequest(null, Object(Config\Cache), false)
 9 FCPATH/index.php(67): CodeIgniter\CodeIgniter->run()
ERROR - 2023-08-22 18:23:31 --> mysqli_sql_exception: Unknown column 'profile' in 'field list' in /var/www/html/seguro/system/Database/MySQLi/Connection.php:295
Stack trace:
#0 /var/www/html/seguro/system/Database/MySQLi/Connection.php(295): mysqli->query('SELECT `id`, `p...', 0)
#1 /var/www/html/seguro/system/Database/BaseConnection.php(692): CodeIgniter\Database\MySQLi\Connection->execute('SELECT `id`, `p...')
#2 /var/www/html/seguro/system/Database/BaseConnection.php(606): CodeIgniter\Database\BaseConnection->simpleQuery('SELECT `id`, `p...')
#3 /var/www/html/seguro/system/Database/BaseBuilder.php(1616): CodeIgniter\Database\BaseConnection->query('SELECT `id`, `p...', Array, false)
#4 /var/www/html/seguro/system/Model.php(241): CodeIgniter\Database\BaseBuilder->get()
#5 /var/www/html/seguro/system/BaseModel.php(618): CodeIgniter\Model->doFindAll(0, 0)
#6 /var/www/html/seguro/app/Controllers/F4e1f3de880db52bf123e124d76636de.php(40): CodeIgniter\BaseModel->findAll()
#7 /var/www/html/seguro/system/CodeIgniter.php(932): App\Controllers\F4e1f3de880db52bf123e124d76636de->index()
#8 /var/www/html/seguro/system/CodeIgniter.php(497): CodeIgniter\CodeIgniter->runController(Object(App\Controllers\F4e1f3de880db52bf123e124d76636de))
#9 /var/www/html/seguro/system/CodeIgniter.php(366): CodeIgniter\CodeIgniter->handleRequest(NULL, Object(Config\Cache), false)
#10 /var/www/html/seguro/public/index.php(67): CodeIgniter\CodeIgniter->run()
#11 {main}
CRITICAL - 2023-08-22 18:23:31 --> Unknown column 'profile' in 'field list'
in SYSTEMPATH/Database/MySQLi/Connection.php on line 295.
 1 SYSTEMPATH/Database/MySQLi/Connection.php(295): mysqli->query('SELECT `id`, `profile`, `login`, `password`
FROM `user`', 0)
 2 SYSTEMPATH/Database/BaseConnection.php(692): CodeIgniter\Database\MySQLi\Connection->execute('SELECT `id`, `profile`, `login`, `password`
FROM `user`')
 3 SYSTEMPATH/Database/BaseConnection.php(606): CodeIgniter\Database\BaseConnection->simpleQuery('SELECT `id`, `profile`, `login`, `password`
FROM `user`')
 4 SYSTEMPATH/Database/BaseBuilder.php(1616): CodeIgniter\Database\BaseConnection->query('SELECT `id`, `profile`, `login`, `password`
FROM `user`', [], false)
 5 SYSTEMPATH/Model.php(241): CodeIgniter\Database\BaseBuilder->get()
 6 SYSTEMPATH/BaseModel.php(618): CodeIgniter\Model->doFindAll(0, 0)
 7 APPPATH/Controllers/F4e1f3de880db52bf123e124d76636de.php(40): CodeIgniter\BaseModel->findAll()
 8 SYSTEMPATH/CodeIgniter.php(932): App\Controllers\F4e1f3de880db52bf123e124d76636de->index()
 9 SYSTEMPATH/CodeIgniter.php(497): CodeIgniter\CodeIgniter->runController(Object(App\Controllers\F4e1f3de880db52bf123e124d76636de))
10 SYSTEMPATH/CodeIgniter.php(366): CodeIgniter\CodeIgniter->handleRequest(null, Object(Config\Cache), false)
11 FCPATH/index.php(67): CodeIgniter\CodeIgniter->run()
ERROR - 2023-08-22 18:23:48 --> mysqli_sql_exception: Unknown column 'profile' in 'field list' in /var/www/html/seguro/system/Database/MySQLi/Connection.php:295
Stack trace:
#0 /var/www/html/seguro/system/Database/MySQLi/Connection.php(295): mysqli->query('SELECT `id`, `p...', 0)
#1 /var/www/html/seguro/system/Database/BaseConnection.php(692): CodeIgniter\Database\MySQLi\Connection->execute('SELECT `id`, `p...')
#2 /var/www/html/seguro/system/Database/BaseConnection.php(606): CodeIgniter\Database\BaseConnection->simpleQuery('SELECT `id`, `p...')
#3 /var/www/html/seguro/system/Database/BaseBuilder.php(1616): CodeIgniter\Database\BaseConnection->query('SELECT `id`, `p...', Array, false)
#4 /var/www/html/seguro/system/Model.php(241): CodeIgniter\Database\BaseBuilder->get()
#5 /var/www/html/seguro/system/BaseModel.php(618): CodeIgniter\Model->doFindAll(0, 0)
#6 /var/www/html/seguro/app/Controllers/F4e1f3de880db52bf123e124d76636de.php(40): CodeIgniter\BaseModel->findAll()
#7 /var/www/html/seguro/system/CodeIgniter.php(932): App\Controllers\F4e1f3de880db52bf123e124d76636de->index()
#8 /var/www/html/seguro/system/CodeIgniter.php(497): CodeIgniter\CodeIgniter->runController(Object(App\Controllers\F4e1f3de880db52bf123e124d76636de))
#9 /var/www/html/seguro/system/CodeIgniter.php(366): CodeIgniter\CodeIgniter->handleRequest(NULL, Object(Config\Cache), false)
#10 /var/www/html/seguro/public/index.php(67): CodeIgniter\CodeIgniter->run()
#11 {main}
CRITICAL - 2023-08-22 18:23:48 --> Unknown column 'profile' in 'field list'
in SYSTEMPATH/Database/MySQLi/Connection.php on line 295.
 1 SYSTEMPATH/Database/MySQLi/Connection.php(295): mysqli->query('SELECT `id`, `profile`, `login`, `password`
FROM `user`', 0)
 2 SYSTEMPATH/Database/BaseConnection.php(692): CodeIgniter\Database\MySQLi\Connection->execute('SELECT `id`, `profile`, `login`, `password`
FROM `user`')
 3 SYSTEMPATH/Database/BaseConnection.php(606): CodeIgniter\Database\BaseConnection->simpleQuery('SELECT `id`, `profile`, `login`, `password`
FROM `user`')
 4 SYSTEMPATH/Database/BaseBuilder.php(1616): CodeIgniter\Database\BaseConnection->query('SELECT `id`, `profile`, `login`, `password`
FROM `user`', [], false)
 5 SYSTEMPATH/Model.php(241): CodeIgniter\Database\BaseBuilder->get()
 6 SYSTEMPATH/BaseModel.php(618): CodeIgniter\Model->doFindAll(0, 0)
 7 APPPATH/Controllers/F4e1f3de880db52bf123e124d76636de.php(40): CodeIgniter\BaseModel->findAll()
 8 SYSTEMPATH/CodeIgniter.php(932): App\Controllers\F4e1f3de880db52bf123e124d76636de->index()
 9 SYSTEMPATH/CodeIgniter.php(497): CodeIgniter\CodeIgniter->runController(Object(App\Controllers\F4e1f3de880db52bf123e124d76636de))
10 SYSTEMPATH/CodeIgniter.php(366): CodeIgniter\CodeIgniter->handleRequest(null, Object(Config\Cache), false)
11 FCPATH/index.php(67): CodeIgniter\CodeIgniter->run()
